Using pre-set license
Built from '2020.3/release' branch; Version is '2020.3.34f1 (9a4c9c70452b) revision 10112156'; Using compiler version '192528614'; Build Type 'Release'
OS: 'Windows 10  (10.0.19044) 64bit Core' Language: 'en' Physical Memory: 16075 MB
BatchMode: 1, IsHumanControllingUs: 0, StartBugReporterOnCrash: 0, Is64bit: 1, IsPro: 0

COMMAND LINE ARGUMENTS:
C:\Program Files\Unity\Hub\Editor\2020.3.34f1\Editor\Unity.exe
-adb2
-batchMode
-noUpm
-name
AssetImportWorker0
-projectPath
C:/Users/kreme/Unity Advanced Homework
-logFile
Logs/AssetImportWorker0.log
-srvPort
52580
Successfully changed project path to: C:/Users/kreme/Unity Advanced Homework
C:/Users/kreme/Unity Advanced Homework
Using Asset Import Pipeline V2.
Refreshing native plugins compatible for Editor in 59.64 ms, found 2 plugins.
Preloading 0 native plugins for Editor in 0.00 ms.
Initialize engine version: 2020.3.34f1 (9a4c9c70452b)
[Subsystems] Discovering subsystems at path C:/Program Files/Unity/Hub/Editor/2020.3.34f1/Editor/Data/Resources/UnitySubsystems
[Subsystems] Discovering subsystems at path C:/Users/kreme/Unity Advanced Homework/Assets
GfxDevice: creating device client; threaded=0
Direct3D:
    Version:  Direct3D 11.0 [level 11.1]
    Renderer: NVIDIA GeForce RTX 3050 Ti Laptop GPU (ID=0x25a0)
    Vendor:   
    VRAM:     3990 MB
    Driver:   30.0.15.1278
Initialize mono
Mono path[0] = 'C:/Program Files/Unity/Hub/Editor/2020.3.34f1/Editor/Data/Managed'
Mono path[1] = 'C:/Program Files/Unity/Hub/Editor/2020.3.34f1/Editor/Data/MonoBleedingEdge/lib/mono/unityjit'
Mono config path = 'C:/Program Files/Unity/Hub/Editor/2020.3.34f1/Editor/Data/MonoBleedingEdge/etc'
Using monoOptions --debugger-agent=transport=dt_socket,embedding=1,server=y,suspend=n,address=127.0.0.1:56044
Begin MonoManager ReloadAssembly
Registering precompiled unity dll's ...
Register platform support module: C:/Program Files/Unity/Hub/Editor/2020.3.34f1/Editor/Data/PlaybackEngines/WindowsStandaloneSupport/UnityEditor.WindowsStandalone.Extensions.dll
Registered in 0.001432 seconds.
Native extension for WindowsStandalone target not found
Refreshing native plugins compatible for Editor in 62.11 ms, found 2 plugins.
Preloading 0 native plugins for Editor in 0.00 ms.
Mono: successfully reloaded assembly
- Completed reload, in  0.437 seconds
Domain Reload Profiling:
	ReloadAssembly (437ms)
		BeginReloadAssembly (49ms)
			ExecutionOrderSort (0ms)
			DisableScriptedObjects (0ms)
			BackupInstance (0ms)
			ReleaseScriptingObjects (0ms)
			CreateAndSetChildDomain (1ms)
		EndReloadAssembly (337ms)
			LoadAssemblies (47ms)
			RebuildTransferFunctionScriptingTraits (0ms)
			SetupTypeCache (97ms)
			ReleaseScriptCaches (0ms)
			RebuildScriptCaches (20ms)
			SetupLoadedEditorAssemblies (148ms)
				LogAssemblyErrors (0ms)
				InitializePlatformSupportModulesInManaged (3ms)
				SetLoadedEditorAssemblies (0ms)
				RefreshPlugins (62ms)
				BeforeProcessingInitializeOnLoad (11ms)
				ProcessInitializeOnLoadAttributes (54ms)
				ProcessInitializeOnLoadMethodAttributes (18ms)
				AfterProcessingInitializeOnLoad (0ms)
				EditorAssembliesLoaded (0ms)
			ExecutionOrderSort2 (0ms)
			AwakeInstancesAfterBackupRestoration (0ms)
Platform modules already initialized, skipping
Registering precompiled user dll's ...
Registered in 0.002373 seconds.
Begin MonoManager ReloadAssembly
Native extension for WindowsStandalone target not found
Refreshing native plugins compatible for Editor in 0.69 ms, found 2 plugins.
Preloading 0 native plugins for Editor in 0.00 ms.
Mono: successfully reloaded assembly
- Completed reload, in  0.671 seconds
Domain Reload Profiling:
	ReloadAssembly (672ms)
		BeginReloadAssembly (100ms)
			ExecutionOrderSort (0ms)
			DisableScriptedObjects (3ms)
			BackupInstance (0ms)
			ReleaseScriptingObjects (0ms)
			CreateAndSetChildDomain (14ms)
		EndReloadAssembly (530ms)
			LoadAssemblies (66ms)
			RebuildTransferFunctionScriptingTraits (0ms)
			SetupTypeCache (172ms)
			ReleaseScriptCaches (0ms)
			RebuildScriptCaches (33ms)
			SetupLoadedEditorAssemblies (213ms)
				LogAssemblyErrors (0ms)
				InitializePlatformSupportModulesInManaged (3ms)
				SetLoadedEditorAssemblies (0ms)
				RefreshPlugins (1ms)
				BeforeProcessingInitializeOnLoad (59ms)
				ProcessInitializeOnLoadAttributes (136ms)
				ProcessInitializeOnLoadMethodAttributes (9ms)
				AfterProcessingInitializeOnLoad (4ms)
				EditorAssembliesLoaded (0ms)
			ExecutionOrderSort2 (0ms)
			AwakeInstancesAfterBackupRestoration (1ms)
Platform modules already initialized, skipping
========================================================================
Worker process is ready to serve import requests
Launched and connected shader compiler UnityShaderCompiler.exe after 0.03 seconds
Refreshing native plugins compatible for Editor in 0.73 ms, found 2 plugins.
Preloading 0 native plugins for Editor in 0.00 ms.
Unloading 1977 Unused Serialized files (Serialized files now loaded: 0)
System memory in use before: 91.0 MB.
System memory in use after: 91.0 MB.

Unloading 17 unused Assets to reduce memory usage. Loaded Objects now: 2416.
Total: 2.038300 ms (FindLiveObjects: 0.114000 ms CreateObjectMapping: 0.036600 ms MarkObjects: 1.804000 ms  DeleteObjects: 0.083000 ms)

AssetImportParameters requested are different than current active one (requested -> active):
  custom:framework-win-MediaFoundation: 216162199b28c13a410421893ffa2e32 -> 
  custom:video-decoder-ogg-theora: a1e56fd34408186e4bbccfd4996cb3dc -> 
  custom:container-muxer-webm: aa71ff27fc2769a1b78a27578f13a17b -> 
  custom:container-demuxer-webm: 4f35f7cbe854078d1ac9338744f61a02 -> 
  custom:container-demuxer-ogg: 62fdf1f143b41e24485cea50d1cbac27 -> 
  custom:video-encoder-webm-vp8: eb34c28f22e8b96e1ab97ce403110664 -> 
  custom:video-codec-MediaFoundation-h265: 746d11721c4dcdbdad8f713fa42b33f4 -> 
  custom:video-decoder-webm-vp8: 9c59270c3fd7afecdb556c50c9e8de78 -> 
  custom:audio-decoder-ogg-vorbis: bf7c407c2cedff20999df2af8eb42d56 -> 
  custom:audio-encoder-webm-vorbis: bf7c407c2cedff20999df2af8eb42d56 -> 
========================================================================
Received Import Request.
  path: Assets/Target.prefab
  artifactKey: Guid(59b33ae46cb59d04bb58d7d25d15dd75) Importer(815301076,1909f56bfc062723c751e8b465ee728b)
Start importing Assets/Target.prefab using Guid(59b33ae46cb59d04bb58d7d25d15dd75) Importer(815301076,1909f56bfc062723c751e8b465ee728b)  -> (artifact id: '72a9d65e66cc406ad4306acaa879c18b') in 0.093740 seconds 
========================================================================
Received Import Request.
  Time since last request: 2.697494 seconds.
  path: Assets/Homework 1/MenuButtons.asset
  artifactKey: Guid(e7da6f2225592ea4a8239e6384ff0b88) Importer(815301076,1909f56bfc062723c751e8b465ee728b)
Start importing Assets/Homework 1/MenuButtons.asset using Guid(e7da6f2225592ea4a8239e6384ff0b88) Importer(815301076,1909f56bfc062723c751e8b465ee728b)  -> (artifact id: '2fd0c914cb64efc31cf50738c1ffc78f') in 0.003973 seconds 
========================================================================
Received Import Request.
  Time since last request: 0.000278 seconds.
  path: Assets/Homework 1/Player.prefab
  artifactKey: Guid(6d4e3c729d38fae4fbca0bcb42232201) Importer(815301076,1909f56bfc062723c751e8b465ee728b)
Start importing Assets/Homework 1/Player.prefab using Guid(6d4e3c729d38fae4fbca0bcb42232201) Importer(815301076,1909f56bfc062723c751e8b465ee728b)  -> (artifact id: '0d045fc09b8d971e987716601e0b9ad4') in 0.045495 seconds 
========================================================================
Received Import Request.
  Time since last request: 0.000167 seconds.
  path: Assets/Homework 1/Player.physicMaterial
  artifactKey: Guid(974a3a1115b64e548a5becebfc11ee65) Importer(815301076,1909f56bfc062723c751e8b465ee728b)
Start importing Assets/Homework 1/Player.physicMaterial using Guid(974a3a1115b64e548a5becebfc11ee65) Importer(815301076,1909f56bfc062723c751e8b465ee728b)  -> (artifact id: 'bb0823f57a8a06a5f804275f3497fe2d') in 0.003039 seconds 
========================================================================
Received Import Request.
  Time since last request: 0.000171 seconds.
  path: Assets/Homework 1/Red.mat
  artifactKey: Guid(5744f9857e3804e4d97846359c214cc4) Importer(815301076,1909f56bfc062723c751e8b465ee728b)
Start importing Assets/Homework 1/Red.mat using Guid(5744f9857e3804e4d97846359c214cc4) Importer(815301076,1909f56bfc062723c751e8b465ee728b)  -> (artifact id: 'a829db5a53cf7182b347d0560a240508') in 0.039397 seconds 
========================================================================
Received Import Request.
  Time since last request: 2.613157 seconds.
  path: Assets/Robot Assets/promotion.jpg
  artifactKey: Guid(df6ed4a02fbdf9b4992b10d7083c92fb) Importer(815301076,1909f56bfc062723c751e8b465ee728b)
Start importing Assets/Robot Assets/promotion.jpg using Guid(df6ed4a02fbdf9b4992b10d7083c92fb) Importer(815301076,1909f56bfc062723c751e8b465ee728b)  -> (artifact id: '6987064993dd4b8a83231e3af6a5b9ad') in 0.015643 seconds 
========================================================================
Received Import Request.
  Time since last request: 5.570712 seconds.
  path: Assets/Scenes
  artifactKey: Guid(dfd520a89666e2d469b46c6dfe0152d6) Importer(815301076,1909f56bfc062723c751e8b465ee728b)
Start importing Assets/Scenes using Guid(dfd520a89666e2d469b46c6dfe0152d6) Importer(815301076,1909f56bfc062723c751e8b465ee728b)  -> (artifact id: '3b221c740c9b6b5f96ad1510323dee80') in 0.002281 seconds 
========================================================================
Received Import Request.
  Time since last request: 0.571248 seconds.
  path: Assets/Robot Assets
  artifactKey: Guid(670a9c5c0e2048a47af0b71f0f7e0b97) Importer(815301076,1909f56bfc062723c751e8b465ee728b)
Start importing Assets/Robot Assets using Guid(670a9c5c0e2048a47af0b71f0f7e0b97) Importer(815301076,1909f56bfc062723c751e8b465ee728b)  -> (artifact id: 'eb76724171b4080d2cb120ca0ff3ddc7') in 0.001895 seconds 
